p/Vanessa_Redgrave_0005.jpg 1 0 0 250 250
p/Vincent_Gallo_0003.jpg 1 0 0 250 250
p/Vladimir_Spidla_0003.jpg 1 0 0 250 250
p/William_Donaldson_0002.jpg 1 0 0 250 250
p/Win_Aung_0002.jpg 1 0 0 250 250
p/Yoshiyuki_Kamei_0001.jpg 1 0 0 250 250
p/Zhang_Ziyi_0001.jpg 1 0 0 250 250
p/Sarah_Canale_0001.jpg 1 0 0 250 250
p/Sarah_Jessica_Parker_0001.jpg 1 0 0 250 250
p/Sarah_Wynter_0001.jpg 1 0 0 250 250
p/Shae-Lynn_Bourne_0001.jpg 1 0 0 250 250
p/Sheila_Copps_0002.jpg 1 0 0 250 250
p/Sheryl_Crow_0001.jpg 1 0 0 250 250
p/Silvio_Berlusconi_0017.jpg 1 0 0 250 250
p/Simon_Yam_0001.jpg 1 0 0 250 250
p/Sophia_Loren_0003.jpg 1 0 0 250 250
p/Stepan_Demirchian_0001.jpg 1 0 0 250 250
p/Sterling_Hitchcock_0001.jpg 1 0 0 250 250
p/Steve_Park_0002.jpg 1 0 0 250 250
p/Svetlana_Koroleva_0001.jpg 1 0 0 250 250
p/Taha_Yassin_Ramadan_0004.jpg 1 0 0 250 250
p/Taoufik_Mathlouthi_0001.jpg 1 0 0 250 250
p/Tara_Reid_0001.jpg 1 0 0 250 250
p/Ted_Maher_0002.jpg 1 0 0 250 250
p/Todd_MacCulloch_0001.jpg 1 0 0 250 250
p/Tom_Foy_0001.jpg 1 0 0 250 250
p/Tony_Blair_0044.jpg 1 0 0 250 250
p/Paul_Tagliabue_0004.jpg 1 0 0 250 250
p/Paul_Walker_0001.jpg 1 0 0 250 250
p/Paula_Zahn_0001.jpg 1 0 0 250 250
p/Penelope_Cruz_0001.jpg 1 0 0 250 250
p/Pervez_Musharraf_0016.jpg 1 0 0 250 250
p/Peter_Struck_0004.jpg 1 0 0 250 250
p/Pierce_Brosnan_0001.jpg 1 0 0 250 250
p/Pierce_Brosnan_0006.jpg 1 0 0 250 250
p/Prince_Harry_0001.jpg 1 0 0 250 250
p/Queen_Beatrix_0003.jpg 1 0 0 250 250
p/Queen_Elizabeth_II_0011.jpg 1 0 0 250 250
p/Raghad_Saddam_Hussein_0002.jpg 1 0 0 250 250
p/Ralf_Schumacher_0002.jpg 1 0 0 250 250
p/Rand_Beers_0001.jpg 1 0 0 250 250
p/Ray_Romano_0003.jpg 1 0 0 250 250
p/Robert_Beck_0001.jpg 1 0 0 250 250
p/Robert_Evans_0001.jpg 1 0 0 250 250
p/Roger_Federer_0014.jpg 1 0 0 250 250
p/Rosemarie_Stack_0001.jpg 1 0 0 250 250
p/Rubens_Barrichello_0010.jpg 1 0 0 250 250
p/Sadam_Hassan_0001.jpg 1 0 0 250 250
p/Saddam_Hussein_0023.jpg 1 0 0 250 250
p/Saied_Hadi_al_Mudarissi_0001.jpg 1 0 0 250 250
p/Marty_Mornhinweg_0003.jpg 1 0 0 250 250
p/Masatoshi_Koshiba_0001.jpg 1 0 0 250 250
p/Megawati_Sukarnoputri_0001.jpg 1 0 0 250 250
p/Megawati_Sukarnoputri_0006.jpg 1 0 0 250 250
p/Megawati_Sukarnoputri_0012.jpg 1 0 0 250 250
p/Melanie_Griffith_0003.jpg 1 0 0 250 250
p/Mickey_Gilley_0001.jpg 1 0 0 250 250
p/Moshe_Katsav_0001.jpg 1 0 0 250 250
p/Naji_Sabri_0003.jpg 1 0 0 250 250
p/Natalie_Cole_0001.jpg 1 0 0 250 250
p/Noelle_Bush_0003.jpg 1 0 0 250 250
p/Norah_Jones_0002.jpg 1 0 0 250 250
p/Oprah_Winfrey_0001.jpg 1 0 0 250 250
p/Pamela_Anderson_0004.jpg 1 0 0 250 250
p/Paul_Bremer_0014.jpg 1 0 0 250 250
p/Paul_Burrell_0007.jpg 1 0 0 250 250
p/Laurence_Tribe_0001.jpg 1 0 0 250 250
p/LeAnn_Rimes_0002.jpg 1 0 0 250 250
p/Lino_Oviedo_0003.jpg 1 0 0 250 250
p/Lucio_Cecchinello_0001.jpg 1 0 0 250 250
p/Lucio_Gutierrez_0009.jpg 1 0 0 250 250
p/Luis_Figo_0003.jpg 1 0 0 250 250
p/Lynne_Cheney_0001.jpg 1 0 0 250 250
p/Mahdi_Al_Bassam_0001.jpg 1 0 0 250 250
p/Mahmoud_Abbas_0020.jpg 1 0 0 250 250
p/Makhdoom_Amin_Fahim_0003.jpg 1 0 0 250 250
p/Marcos_Cafu_0001.jpg 1 0 0 250 250
p/Margie_Puente_0001.jpg 1 0 0 250 250
p/Mario_Vasquez_Rana_0001.jpg 1 0 0 250 250
p/Marion_Fahnestock_0001.jpg 1 0 0 250 250
p/Mark_Philippoussis_0010.jpg 1 0 0 250 250
p/Mark_Podlesny_0001.jpg 1 0 0 250 250
p/Martha_Burk_0004.jpg 1 0 0 250 250
p/Martha_Lucia_Ramirez_0003.jpg 1 0 0 250 250
p/Julio_Cesar_Chavez_0001.jpg 1 0 0 250 250
p/Junichiro_Koizumi_0031.jpg 1 0 0 250 250
p/Keith_Urban_0001.jpg 1 0 0 250 250
p/Kelly_Santos_0001.jpg 1 0 0 250 250
p/Kirk_Douglas_0001.jpg 1 0 0 250 250
p/Jimmy_Carter_0007.jpg 1 0 0 250 250
p/John_Bolton_0003.jpg 1 0 0 250 250
p/John_Howard_0018.jpg 1 0 0 250 250
p/John_Kerry_0010.jpg 1 0 0 250 250
p/John_Lisowski_0001.jpg 1 0 0 250 250
p/John_Paul_II_0002.jpg 1 0 0 250 250
p/Jose_Bove_0001.jpg 1 0 0 250 250
p/Joshua_Harapko_0001.jpg 1 0 0 250 250
p/Ismail_Cem_0001.jpg 1 0 0 250 250
p/James_Gandolfini_0002.jpg 1 0 0 250 250
p/Jane_Russell_0001.jpg 1 0 0 250 250
p/Jason_Kapono_0001.jpg 1 0 0 250 250
p/Javier_Solana_0001.jpg 1 0 0 250 250
p/Jean-David_Levitte_0002.jpg 1 0 0 250 250
p/Jean-Pierre_Raffarin_0002.jpg 1 0 0 250 250
p/Jean-Pierre_Raffarin_0004.jpg 1 0 0 250 250
p/Jeanne_Moreau_0002.jpg 1 0 0 250 250
p/Jennifer_Capriati_0036.jpg 1 0 0 250 250
p/Jennifer_Lopez_0018.jpg 1 0 0 250 250
p/Jeong_Se-hyun_0002.jpg 1 0 0 250 250
p/Gro_Harlem_Brundtland_0001.jpg 1 0 0 250 250
p/Guido_Westerwelle_0002.jpg 1 0 0 250 250
p/Guillermo_Coria_0024.jpg 1 0 0 250 250
p/Gwyneth_Paltrow_0001.jpg 1 0 0 250 250
p/Gwyneth_Paltrow_0005.jpg 1 0 0 250 250
p/Habib_Rizieq_0001.jpg 1 0 0 250 250
p/Habib_Rizieq_0004.jpg 1 0 0 250 250
p/Hans_Corell_0001.jpg 1 0 0 250 250
p/Herb_Ritts_0001.jpg 1 0 0 250 250
p/Hilda_Fortune_0001.jpg 1 0 0 250 250
p/Holly_Hunter_0007.jpg 1 0 0 250 250
p/Hosni_Mubarak_0008.jpg 1 0 0 250 250
p/Hugo_Chavez_0051.jpg 1 0 0 250 250
p/Hugo_Chavez_0067.jpg 1 0 0 250 250
p/Imran_Khan_0001.jpg 1 0 0 250 250
p/George_W_Bush_0076.jpg 1 0 0 250 250
p/George_W_Bush_0151.jpg 1 0 0 250 250
p/George_W_Bush_0282.jpg 1 0 0 250 250
p/George_W_Bush_0527.jpg 1 0 0 250 250
p/Gerhard_Schroeder_0029.jpg 1 0 0 250 250
p/Gerry_Adams_0008.jpg 1 0 0 250 250
p/Gillian_Anderson_0001.jpg 1 0 0 250 250
p/Edward_Lu_0006.jpg 1 0 0 250 250
p/Ekke_Hard_Forberg_0001.jpg 1 0 0 250 250
p/Elena_de_Chavez_0001.jpg 1 0 0 250 250
p/Elias_Attallah_0001.jpg 1 0 0 250 250
p/Elizabeth_Regan_0001.jpg 1 0 0 250 250
p/Eric_Dubin_0001.jpg 1 0 0 250 250
p/Erin_Brockovich_0001.jpg 1 0 0 250 250
p/Erin_Runnion_0002.jpg 1 0 0 250 250
p/Felix_Sanchez_0001.jpg 1 0 0 250 250
p/Fernando_Vargas_0002.jpg 1 0 0 250 250
p/Gabrielle_Rose_0001.jpg 1 0 0 250 250
p/George_W_Bush_0047.jpg 1 0 0 250 250
p/Daisy_Fuentes_0003.jpg 1 0 0 250 250
p/Dale_Earnhardt_Jr_0001.jpg 1 0 0 250 250
p/Dave_Potter_0001.jpg 1 0 0 250 250
p/David_Beckham_0012.jpg 1 0 0 250 250
p/David_Beckham_0029.jpg 1 0 0 250 250
p/David_Wolf_0001.jpg 1 0 0 250 250
p/Dennis_Franchione_0001.jpg 1 0 0 250 250
p/Diego_Diego_Lerman_0001.jpg 1 0 0 250 250
p/Dinah_Turner_0001.jpg 1 0 0 250 250
p/Donald_Rumsfeld_0027.jpg 1 0 0 250 250
p/Donald_Rumsfeld_0053.jpg 1 0 0 250 250
p/Donny_Osmond_0001.jpg 1 0 0 250 250
p/Dwayne_Williams_0001.jpg 1 0 0 250 250
p/Edmund_Hillary_0003.jpg 1 0 0 250 250
p/Edmund_Stoiber_0006.jpg 1 0 0 250 250
p/Caio_Blat_0001.jpg 1 0 0 250 250
p/Carlos_Barragan_0001.jpg 1 0 0 250 250
p/Carlos_Moya_0006.jpg 1 0 0 250 250
p/Carlos_Salinas_0001.jpg 1 0 0 250 250
p/Carlos_Vives_0002.jpg 1 0 0 250 250
p/Carmen_Electra_0005.jpg 1 0 0 250 250
p/Carol_Moseley_Braun_0002.jpg 1 0 0 250 250
p/Carolina_Moraes_0001.jpg 1 0 0 250 250
p/Cate_Blanchett_0001.jpg 1 0 0 250 250
p/Catherine_Zeta-Jones_0005.jpg 1 0 0 250 250
p/Cathy_Chisholm_0001.jpg 1 0 0 250 250
p/Cesar_Gaviria_0003.jpg 1 0 0 250 250
p/Charles_Moose_0009.jpg 1 0 0 250 250
p/Christoph_Daum_0001.jpg 1 0 0 250 250
p/Chung_Mong-hun_0001.jpg 1 0 0 250 250
p/Clare_Latimer_0001.jpg 1 0 0 250 250
p/Claudio_Ranieri_0001.jpg 1 0 0 250 250
p/Colin_Powell_0099.jpg 1 0 0 250 250
p/Colin_Prescot_0001.jpg 1 0 0 250 250
p/Corinne_Coman_0002.jpg 1 0 0 250 250
p/Ariel_Sharon_0038.jpg 1 0 0 250 250
p/Art_Howe_0001.jpg 1 0 0 250 250
p/Austin_Kearns_0001.jpg 1 0 0 250 250
p/Beecher_Ray_Kirby_0001.jpg 1 0 0 250 250
p/Bill_Butler_0001.jpg 1 0 0 250 250
p/Bill_Paxton_0004.jpg 1 0 0 250 250
p/Bill_Simon_0005.jpg 1 0 0 250 250
p/Billy_Crawford_0001.jpg 1 0 0 250 250
p/Bridgette_Wilson-Sampras_0001.jpg 1 0 0 250 250
p/Adoor_Gopalakarishnan_0001.jpg 1 0 0 250 250
p/Ahmad_Masood_0001.jpg 1 0 0 250 250
p/Ainsworth_Dyer_0001.jpg 1 0 0 250 250
p/Alberto_Fujimori_0002.jpg 1 0 0 250 250
p/Alejandro_Avila_0002.jpg 1 0 0 250 250
p/Alex_Holmes_0001.jpg 1 0 0 250 250
p/Alfred_Ford_0001.jpg 1 0 0 250 250
p/Alfredo_Pena_0001.jpg 1 0 0 250 250
p/Alvaro_Noboa_0001.jpg 1 0 0 250 250
p/Andrew_Caldecott_0001.jpg 1 0 0 250 250
p/Angelina_Jolie_0012.jpg 1 0 0 250 250
p/Angelina_Jolie_0017.jpg 1 0 0 250 250
p/Anibal_Ibarra_0003.jpg 1 0 0 250 250